-------------------------------------------------------------------------------
Test set: com.ocf.api.Teste
-------------------------------------------------------------------------------
Tests run: 1, Failures: 1, Errors: 0, Skipped: 0, Time elapsed: 0.305 s <<< FAILURE! - in com.ocf.api.Teste
test  Time elapsed: 0.253 s  <<< FAILURE!
org.opentest4j.AssertionFailedError: Not yet implemented
	at com.ocf.api.Teste.test(Teste.java:11)

